<?xml version="1.0" encoding="UTF-8"?>
<!-- Generated by org.testng.reporters.JUnitReportReporter -->
<testsuite hostname="DESKTOP-QPVJ0NK" failures="0" tests="1" name="com.bridgelabz.spotify.spotifyApi" time="4.212" errors="0" timestamp="2022-07-01T19:42:00 BST" skipped="0">
  <testcase classname="com.bridgelabz.spotify.spotifyApi" name="get_Playlist_Items" time="4.212"/>
  <system-out/>
</testsuite> <!-- com.bridgelabz.spotify.spotifyApi -->
